

<!DOCTYPE html>
<html>
<head>
<meta charset="UTF-8">
<meta name="viewport" content="width=device-width, initial-scale=1, shrink-to-fit=no">
<title></title>
<link rel="apple-touch-icon" href="https://cdn.jsdelivr.net/gh/extent-framework/extent-github-cdn@b00a2d0486596e73dd7326beacf352c639623a0e/commons/img/logo.png">
<link rel="shortcut icon" href="https://cdn.jsdelivr.net/gh/extent-framework/extent-github-cdn@b00a2d0486596e73dd7326beacf352c639623a0e/commons/img/logo.png">
<link href="https://cdn.jsdelivr.net/gh/extent-framework/extent-github-cdn@d6562a79075e061305ccfdb82f01e5e195e2d307/spark/css/spark-style.css" rel="stylesheet" />
<link href="https://stackpath.bootstrapcdn.com/font-awesome/4.7.0/css/font-awesome.min.css" rel="stylesheet">
<script src="https://cdn.jsdelivr.net/gh/extent-framework/extent-github-cdn@7cc78ce/spark/js/jsontree.js"></script>
<style type="text/css"></style></head><body class="spa bdd-report standard">
  <div class="app">
    <div class="layout">
<div class="header navbar">
<div class="vheader">
<div class="nav-logo">
<a href="#">
<div class="logo" style="background-image: url('https://cdn.jsdelivr.net/gh/extent-framework/extent-github-cdn@b00a2d0486596e73dd7326beacf352c639623a0e/commons/img/logo.png')"></div>
</a>
</div>
<ul class="nav-left">
<li class="search-box">
<a class="search-toggle" href="#">
<i class="search-icon fa fa-search"></i>
<i class="search-icon-close fa fa-close"></i>
</a>
</li>
<li class="search-input"><input id="search-tests" class="form-control" type="text" placeholder="Search..."></li>
</ul>
<ul class="nav-right">
<li class="m-r-10">
<a href="#"><span class="badge badge-primary"></span></a>
</li>
<li class="m-r-10">
<a href="#"><span class="badge badge-primary">Oct 20, 2024 09:34:30 PM</span></a>
</li>
</ul>
</div>
</div><div class="side-nav">
<div class="side-nav-inner">
<ul class="side-nav-menu">
<li class="nav-item dropdown" onclick="toggleView('test-view')">
<a id="nav-test" class="dropdown-toggle" href="#">
<span class="ico"><i class="fa fa-list"></i></span>
</a>
</li>
<li class="nav-item dropdown" onclick="toggleView('exception-view')">
<a id="nav-exception" class="dropdown-toggle" href="#">
<span class="ico"><i class="fa fa-bug"></i></span>
</a>
</li>
<li class="nav-item dropdown" onclick="toggleView('category-view')">
<a id="nav-category" class="dropdown-toggle" href="#">
<span class="ico"><i class="fa fa-tag"></i></span>
</a>
</li>
<li class="nav-item dropdown" onclick="toggleView('dashboard-view')">
<a id="nav-dashboard" class="dropdown-toggle" href="#">
<span class="ico"><i class="fa fa-bar-chart"></i></span>
</a>
</li>
</ul>
</div>
</div>      <div class="vcontainer">
        <div class="main-content">
<div class="test-wrapper row view test-view">
  <div class="test-list">
    <div class="test-list-tools">
<ul class="tools pull-left">
<li><a href="#"><span class="font-size-14">Tests</span></a></li>
</ul>
<ul class="tools text-right">
<li class="dropdown">
<a href="#" class="dropdown-toggle" data-toggle="dropdown"><i class="fa fa-exclamation-circle"></i></a>
<ul id="status-toggle" class="dropdown-menu dropdown-md p-v-0">
<a class="dropdown-item" status="fail" href="#"><span>Fail</span><span class="status danger"></span></a>
<div class="dropdown-divider"></div>
<a status="clear" class="dropdown-item" href="#"><span>Clear</span><span class="pull-right"><i class="fa fa-close"></i></span></a>
</ul>
</li>
<li class="dropdown">
<a href="#" class="dropdown-toggle" data-toggle="dropdown"><i class="fa fa-tag"></i></a>
<ul id="tag-toggle" class="dropdown-menu dropdown-md p-v-0">
<a class="dropdown-item" href="#">@run</a><a class="dropdown-item" href="#">@loadDataExcelUtils</a>
</ul>
</li>
</ul>
</div>    <div class="test-list-wrapper scrollable">
      <ul class="test-list-item">
        <li class="test-item"  status="fail" test-id="1"
          author=""
          tag=""
          device="">
          <div class="test-detail">
            <p class="name">System Users - Merchant Onboarding Regression</p>
            <p class="text-sm">
              <span>9:34:31 PM</span> / <span>12:13:03:567</span>
              <span class="badge fail-bg log float-right">Fail</span>
            </p>
          </div>
          <div class="test-contents d-none">
<div class="detail-head">
<div class="p-v-10">
<div class="info">
<h5 class="test-status text-fail">System Users - Merchant Onboarding Regression</h5>
<span class='badge badge-success'>10.20.2024 9:34:31 PM</span>
<span class='badge badge-danger'>10.21.2024 9:47:35 AM</span>
<span class='badge badge-default'>12:13:03:567</span>
&middot; <span class='uri-anchor badge badge-default'>#test-id=1</span>
<span class='badge badge-default pointer float-right ml-1 et'><i class="fa fa-chevron-down"></i></span>
<span class='badge badge-default pointer float-right ct'><i class="fa fa-chevron-up"></i></span>
</div>
<div class="m-t-10 m-l-5"> This feature aims to test the functionality of the 'Merchant Onboarding' within the application.</div>
</div>
</div>
<div class="accordion mt-4">
  <div class="card">
    <div class="card-header" role="tab">
      <div class="card-title">
        <div class="node" id="2"><span class="badge log pass-bg mr-2">Pass</span>Load Data from Excel</div>
      </div>
    </div>
        <div class="collapse">
          <div class="card-body">
              <div class="step pass-bg" title="org.Testcases.SystemUserMultipleBankRegression.setUp()">
                <span>Given I load data from Excel using sheetname "Credentials"</span>
      <div>
      </div>
              </div>
          </div>
        </div>
  </div>
  <div class="card">
    <div class="card-header" role="tab">
      <div class="card-title">
        <div class="node" id="6"><span class="badge log pass-bg mr-2">Pass</span>SystemMaker Login</div>
      </div>
    </div>
        <div class="collapse">
          <div class="card-body">
              <div class="step pass-bg" title="org.Testcases.SystemUserMultipleBankRegression.i_visit_the_System_maker_login(java.lang.String,int)">
                <span>Given I visit the System Maker Login in Regression using sheetname "Credentials" and rownumber 1</span>
      <div><table class='markup-table table '><tr><td>UserName</td><td>Password</td></tr><tr><td>REG.sysmaker</td><td>Test@12345</td></tr></table>
      </div>
      <div>
      </div>
              </div>
              <div class="step pass-bg" title="org.Testcases.SystemUserMultipleBankRegression.i_enter_the_credentials_and_click_a_login_button(java.lang.String,int)">
                <span>And I enter the credentials and click a login button in Regression using sheetname "Credentials" and rownumber 1</span>
      <div>
      </div>
              </div>
          </div>
        </div>
  </div>
  <div class="card">
    <div class="card-header" role="tab">
      <div class="card-title">
        <div class="node" id="10"><span class="badge log pass-bg mr-2">Pass</span>System Maker sees Onboarding in Sidemenu in Merchant Onboarding</div>
      </div>
    </div>
        <div class="collapse">
          <div class="card-body">
              <div class="step pass-bg" title="org.Testcases.SystemUserMultipleBankRegression.I_Visit_System_Maker_Onboarding()">
                <span>When System Maker - Onboarding should be displayed in the side menu</span>
      <div>
      </div>
              </div>
          </div>
        </div>
  </div>
  <div class="card">
    <div class="card-header" role="tab">
      <div class="card-title">
        <div class="node" id="13"><span class="badge log pass-bg mr-2">Pass</span>System Maker sees side menu items in Merchant Onboarding</div>
      </div>
    </div>
        <div class="collapse">
          <div class="card-body">
              <div class="step pass-bg" title="org.Testcases.SystemUserMultipleBankRegression.System_Maker_seessidemenu_itemsin_Onboarding()">
                <span>Then the System Maker should see Bank, Aggregators, ISO,SUB ISO, Groupmerchant, Merchant, and Terminal in the side menu of Onboarding</span>
      <div>
      </div>
              </div>
          </div>
        </div>
  </div>
  <div class="card">
    <div class="card-header" role="tab">
      <div class="card-title">
        <div class="node" id="16"><span class="badge log pass-bg mr-2">Pass</span>System Maker Successfully Completes Mandatory Fields in Merchant Onboarding</div>
      </div>
    </div>
        <div class="collapse">
          <div class="card-body">
              <div class="step pass-bg" title="org.Testcases.SystemUserMultipleMerchantRegression.SystemMakerClicktheSUBISOModule()">
                <span>When the System Maker clicks the Merchant module</span>
      <div>
      </div>
              </div>
              <div class="step pass-bg" title="org.Testcases.SystemUserMultipleMerchantRegression.processAllData(java.lang.String)">
                <span>Then the System Maker Merchant Onboarding should prompt users to enter valid inputs using the sheet name "Merchant Regression"</span>
      <div>MO Test Case 1: Merchant Reference Number with value 'p45uWP34ct' passed.
      </div>
      <div>MO Test Case 1: Aggregator Name with value 'Settlement Without Validate plan AG 001' passed.
      </div>
      <div>MO Test Case 1: NextStep with value 'Sales Info' passed.
      </div>
      <div>MO Test Case 1: Legal Name with value '2rzD875' passed.
      </div>
      <div>MO Test Case 1: Brand Name with value 'Testing' passed.
      </div>
      <div>MO Test Case 1: Registered Address with value '3rd Floor, Tulive Helix, 100 Feet Rd, near Phoenix Mall, Indira Gandhi Nagar, Velachery, Chennai' passed.
      </div>
      <div>MO Test Case 1: Location with value 'Old no 4 New no 7 Gangaiamman Koil, 1st St, Bhakthavathchalam Colony, Vadapalani, Chennai, Tamil Nadu 600026, India' passed.
      </div>
      <div>MO Test Case 1: Registered Pincode with value '622299' passed.
      </div>
      <div>MO Test Case 1: Business Type with value 'Individual' passed.
      </div>
      <div>MO Test Case 1: Established Year with value 'Current Date' passed.
      </div>
      <div>MO Test Case 1: Registered Number with value '984517855' passed.
      </div>
      <div>MO Test Case 1: Company PAN with value 'XPNRT9863R' passed.
      </div>
      <div>MO Test Case 1: GstIN with value '29GGGGG4314R9Z6' passed.
      </div>
      <div>MO Test Case 1: Nature Of business with value 'individual' passed.
      </div>
      <div>MO Test Case 1: MCC with value '5411' passed.
      </div>
      <div>MO Test Case 1: Merchant type with value 'POS+UPI+MATM+AEPS' passed.
      </div>
      <div>MO Test Case 1: Merchant Classification with value 'Large' passed.
      </div>
      <div>MO Test Case 1: Statement Frequency with value 'Daily' passed.
      </div>
      <div>MO Test Case 1: Statement Type with value 'Pdf' passed.
      </div>
      <div>MO Test Case 1: NextStep with value 'Company Info' passed.
      </div>
      <div>MO Test Case 1: Title with value 'Mr.' passed.
      </div>
      <div>MO Test Case 1: FirstName with value 'Nishok' passed.
      </div>
      <div>MO Test Case 1: LastName with value 'V S' passed.
      </div>
      <div>MO Test Case 1: Date Of Birth with value '30/11/1998' passed.
      </div>
      <div>MO Test Case 1: Pan with value 'UUTWQ8666M' passed.
      </div>
      <div>MO Test Case 1: Address with value '3rd Floor, Tulive Helix, 100 Feet Rd, near Phoenix Mall, Indira Gandhi Nagar, Velachery, Chennai' passed.
      </div>
      <div>MO Test Case 1: Pincode with value '622299' passed.
      </div>
      <div>MO Test Case 1: Mobilenumber with value '2147483647' passed.
      </div>
      <div>MO Test Case 1: Emailid with value 'nishok130@gmail.com' passed.
      </div>
      <div>MO Test Case 1: Nationality with value 'India' passed.
      </div>
      <div>MO Test Case 1: Aadhaar with value '571781645804' passed.
      </div>
      <div>MO Test Case 1: Passport with value 'P4366919' passed.
      </div>
      <div>MO Test Case 1: Date with value 'Passport ExpiryDate' passed.
      </div>
      <div>MO Test Case 1: Save Button with value 'Personal Info' passed.
      </div>
      <div>MO Test Case 1: NextStep with value 'Personal Info' passed.
      </div>
      <div>MO Test Case 1: Admin user details Communication Name with value 'Nishok' passed.
      </div>
      <div>MO Test Case 1: Admin user details Communication Position with value 'Test' passed.
      </div>
      <div>MO Test Case 1: Admin user details Communication MobileNumber with value '9778171266' passed.
      </div>
      <div>MO Test Case 1: Admin user details Communication Emailid with value 'consectetur_voluptas@gmail.com' passed.
      </div>
      <div>MO Test Case 1: Admin user details AD User with value 'No' passed.
      </div>
      <div>MO Test Case 1: Admin user details Save Button with value 'Communication Info' passed.
      </div>
      <div>MO Test Case 1: SettlementReconContactDetails Communication Name with value 'Nishok' passed.
      </div>
      <div>MO Test Case 1: SettlementReconContactDetails Communication Position with value 'Test' passed.
      </div>
      <div>MO Test Case 1: SettlementReconContactDetails Communication MobileNumber with value '8483742642' passed.
      </div>
      <div>MO Test Case 1: SettlementReconContactDetails Communication Emailid with value 'vel_qui@gmail.com' passed.
      </div>
      <div>MO Test Case 1: SettlementReconContactDetails Save Button with value 'Communication Info' passed.
      </div>
      <div>MO Test Case 1: NextStep with value 'Communication Info' passed.
      </div>
      <div>MO Test Case 1: Week Days From with value '24' passed.
      </div>
      <div>MO Test Case 1: Week Days TO with value '25' passed.
      </div>
      <div>MO Test Case 1: Week END From with value '24' passed.
      </div>
      <div>MO Test Case 1: Week END To with value '25' passed.
      </div>
      <div>MO Test Case 1: Velocity Check Minutes with value '3' passed.
      </div>
      <div>MO Test Case 1: Velocity Check Count with value '3' passed.
      </div>
      <div>MO Test Case 1: CashPOSCount with value '3' passed.
      </div>
      <div>MO Test Case 1: POS DAILY with value '1000000' passed.
      </div>
      <div>MO Test Case 1: POS WEEKLY with value '10000000' passed.
      </div>
      <div>MO Test Case 1: POS Monthly with value '100000000' passed.
      </div>
      <div>MO Test Case 1: POS Minimum with value '10' passed.
      </div>
      <div>MO Test Case 1: POS Maximum with value '1000' passed.
      </div>
      <div>MO Test Case 1: UPI DAILY with value '1000000' passed.
      </div>
      <div>MO Test Case 1: UPI WEEKLY with value '10000000' passed.
      </div>
      <div>MO Test Case 1: UPI Monthly with value '100000000' passed.
      </div>
      <div>MO Test Case 1: UPI Minimum with value '10' passed.
      </div>
      <div>MO Test Case 1: UPI Maximum with value '1000' passed.
      </div>
      <div>MO Test Case 1: AEPS DAILY with value '1000000' passed.
      </div>
      <div>MO Test Case 1: AEPS WEEKLY with value '10000000' passed.
      </div>
      <div>MO Test Case 1: AEPS Monthly with value '100000000' passed.
      </div>
      <div>MO Test Case 1: AEPS Minimum with value '10' passed.
      </div>
      <div>MO Test Case 1: AEPS Maximum with value '1000' passed.
      </div>
      <div>MO Test Case 1: MATM DAILY with value '1000000' passed.
      </div>
      <div>MO Test Case 1: MATM WEEKLY with value '10000000' passed.
      </div>
      <div>MO Test Case 1: MATM Monthly with value '100000000' passed.
      </div>
      <div>MO Test Case 1: MATM Minimum with value '10' passed.
      </div>
      <div>MO Test Case 1: MATM Maximum with value '1000' passed.
      </div>
      <div>MO Test Case 1: NextStep with value 'Risk Info' passed.
      </div>
      <div>MO Test Case 1: DiscountRate : Channel with value 'Pos' passed.
      </div>
      <div>MO Test Case 1: Pricing Plan with value 'POS Merchant' passed.
      </div>
      <div>MO Test Case 1: Save Button with value 'ISO Discount Rate' passed.
      </div>
      <div>MO Test Case 1: DiscountRate : Channel with value 'UPI' passed.
      </div>
      <div>MO Test Case 1: Pricing Plan with value 'UPI Merchantt' passed.
      </div>
      <div>MO Test Case 1: Save Button with value 'ISO Discount Rate' passed.
      </div>
      <div>MO Test Case 1: DiscountRate : Channel with value 'MATM' passed.
      </div>
      <div>MO Test Case 1: Pricing Plan with value 'MATM Merchant' passed.
      </div>
      <div>MO Test Case 1: Save Button with value 'ISO Discount Rate' passed.
      </div>
      <div>MO Test Case 1: DiscountRate : Channel with value 'AEPS' passed.
      </div>
      <div>MO Test Case 1: Pricing Plan with value 'AEPS Merchant' passed.
      </div>
      <div>MO Test Case 1: Save Button with value 'ISO Discount Rate' passed.
      </div>
      <div>MO Test Case 1: NextStep with value 'ISO Discount Rate' passed.
      </div>
      <div>MO Test Case 1: Payment Mode with value 'Direct Credit' passed.
      </div>
      <div>MO Test Case 1: Settlement AccountType with value 'Current' passed.
      </div>
      <div>MO Test Case 1: BanKAccountNumber with value '2147483647' passed.
      </div>
      <div>MO Test Case 1: IFSC Code with value 'UTIB0000006' passed.
      </div>
      <div>MO Test Case 1: Save Button with value 'Settlement Info' passed.
      </div>
      <div>MO Test Case 1: Settlement Flag with value 'Direct' passed.
      </div>
      <div>MO Test Case 1: NextStep with value 'Settlement Info' passed.
      </div>
      <div>MO Test Case 1: Terminal Name with value 'Automation Terminal' passed.
      </div>
      <div>MO Test Case 1: Terminal Type with value 'POS+UPI+MATM+AEPS' passed.
      </div>
      <div>MO Test Case 1: UPI Terminal Type with value 'OFFLINE' passed.
      </div>
      <div>MO Test Case 1: UPI Offline Type with value 'BOTH' passed.
      </div>
      <div>MO Test Case 1: Device Model with value 'VM30' passed.
      </div>
      <div>MO Test Case 1: Device Number with value '57657657' passed.
      </div>
      <div>MO Test Case 1: IMEI Number with value '76876876' passed.
      </div>
      <div>MO Test Case 1: Device Type with value 'none' passed.
      </div>
      <div>MO Test Case 1: TID Fee Applicable with value 'NO' passed.
      </div>
      <div>MO Test Case 1: NextStep with value 'Terminals' passed.
      </div>
      <div>MO Test Case 1: KYC Details with value 'C:\Users\DELL 7480\Desktop\Automation TestCase.png' passed.
      </div>
      <div>MO Test Case 1: KYC Details - PAN  with value 'C:\Users\DELL 7480\Desktop\Automation TestCase.png' passed.
      </div>
      <div>MO Test Case 1: NextStep with value 'KYC-GM' passed.
      </div>
      <div>Total Dashboard Count: 11
      </div>
      <div>
      </div>
              </div>
          </div>
        </div>
  </div>
  <div class="card">
    <div class="card-header" role="tab">
      <div class="card-title">
        <div class="node" id="20"><span class="badge log fail-bg mr-2">Fail</span>System verifier Login</div>
      </div>
    </div>
        <div class="">
          <div class="card-body">
              <div class="step fail-bg" title="org.Testcases.SystemUserMultipleBankRegression.i_visit_the_System_verifier_login(java.lang.String,int)">
                <span>Given I visit the System Verifier Login in Regression using sheetname "Credentials" and rownumber 2</span>
      <div>
        <textarea disabled class="code-block">org.openqa.selenium.WebDriverException: disconnected: not connected to DevTools
  (failed to check if window was closed: disconnected: not connected to DevTools)
  (Session info: chrome=130.0.6723.58)
Build info: version: '4.20.0', revision: '866c76ca80'
System info: os.name: 'Windows 11', os.arch: 'amd64', os.version: '10.0', java.version: '17.0.11'
Driver info: org.openqa.selenium.chrome.ChromeDriver
Command: [ba42bddb23eea3dfbd69abce5c97f19d, screenshot {}]
Capabilities {acceptInsecureCerts: false, browserName: chrome, browserVersion: 130.0.6723.58, chrome: {chromedriverVersion: 130.0.6723.58 (3a50e012e4c9..., userDataDir: C:\WINDOWS\TEMP\scoped_dir2...}, fedcm:accounts: true, goog:chromeOptions: {debuggerAddress: localhost:53175}, networkConnectionEnabled: false, pageLoadStrategy: normal, platformName: windows, proxy: Proxy(), se:cdp: ws://localhost:53175/devtoo..., se:cdpVersion: 130.0.6723.58, setWindowRect: true, strictFileInteractability: false, timeouts: {implicit: 0, pageLoad: 300000, script: 30000}, unhandledPromptBehavior: dismiss and notify, webauthn:extension:credBlob: true, webauthn:extension:largeBlob: true, webauthn:extension:minPinLength: true, webauthn:extension:prf: true, webauthn:virtualAuthenticators: true}
Session ID: ba42bddb23eea3dfbd69abce5c97f19d
	at java.base/jdk.internal.reflect.NativeConstructorAccessorImpl.newInstance0(Native Method)
	at java.base/jdk.internal.reflect.NativeConstructorAccessorImpl.newInstance(NativeConstructorAccessorImpl.java:77)
	at java.base/jdk.internal.reflect.DelegatingConstructorAccessorImpl.newInstance(DelegatingConstructorAccessorImpl.java:45)
	at java.base/java.lang.reflect.Constructor.newInstanceWithCaller(Constructor.java:499)
	at java.base/java.lang.reflect.Constructor.newInstance(Constructor.java:480)
	at org.openqa.selenium.remote.ErrorCodec.decode(ErrorCodec.java:167)
	at org.openqa.selenium.remote.codec.w3c.W3CHttpResponseCodec.decode(W3CHttpResponseCodec.java:138)
	at org.openqa.selenium.remote.codec.w3c.W3CHttpResponseCodec.decode(W3CHttpResponseCodec.java:50)
	at org.openqa.selenium.remote.HttpCommandExecutor.execute(HttpCommandExecutor.java:190)
	at org.openqa.selenium.remote.service.DriverCommandExecutor.invokeExecute(DriverCommandExecutor.java:216)
	at org.openqa.selenium.remote.service.DriverCommandExecutor.execute(DriverCommandExecutor.java:174)
	at org.openqa.selenium.remote.RemoteWebDriver.execute(RemoteWebDriver.java:518)
	at org.openqa.selenium.remote.RemoteWebDriver.execute(RemoteWebDriver.java:591)
	at org.openqa.selenium.remote.RemoteWebDriver.execute(RemoteWebDriver.java:595)
	at org.openqa.selenium.remote.RemoteWebDriver.getScreenshotAs(RemoteWebDriver.java:321)
	at org.Testcases.ExceptionHandler.logAndCaptureScreenshot(ExceptionHandler.java:70)
	at org.Testcases.ExceptionHandler.handleException(ExceptionHandler.java:52)
	at org.Testcases.SystemUserMultipleBankRegression.i_visit_the_System_verifier_login(SystemUserMultipleBankRegression.java:3884)
	at ✽.I visit the System Verifier Login in Regression using sheetname "Credentials" and rownumber 2(file:///C:/Users/DELL%207480/eclipse-workspace/MMSCredopay/src/test/resources/SystemUser-MultipleMerchant.feature:47)
</textarea>
      
      </div>
              </div>
              <div class="step skip-bg" title="org.Testcases.SystemUserMultipleBankRegression.i_enter_the_credentials_and_click_a_login_button(java.lang.String,int)">
                <span>And I enter the credentials and click a login button in Regression using sheetname "Credentials" and rownumber 2</span>
      <div>Step skipped
      </div>
              </div>
          </div>
        </div>
  </div>
  <div class="card">
    <div class="card-header" role="tab">
      <div class="card-title">
        <div class="node" id="24"><span class="badge log pass-bg mr-2">Pass</span>System Verifier sees Onboarding in Sidemenu in Merchant Onboarding</div>
      </div>
    </div>
        <div class="collapse">
          <div class="card-body">
              <div class="step pass-bg" title="org.Testcases.SystemUserMultipleBankRegression.I_Visit_System_Verifier_Onboarding()">
                <span>When System Verifier - Onboarding should be displayed in the side menu</span>
      <div>
      </div>
              </div>
          </div>
        </div>
  </div>
  <div class="card">
    <div class="card-header" role="tab">
      <div class="card-title">
        <div class="node" id="27"><span class="badge log fail-bg mr-2">Fail</span>System Verifier sees side menu items in Merchant Onboarding</div>
      </div>
    </div>
        <div class="">
          <div class="card-body">
              <div class="step fail-bg" title="org.Testcases.SystemUserMultipleBankRegression.System_Verifier_seessidemenu_itemsin_Onboarding()">
                <span>Then the System Verifier should see Bank, Aggregators, ISO,SUB ISO, Groupmerchant, Merchant, and Terminal in the side menu of Onboarding</span>
      <div>
        <textarea disabled class="code-block">org.openqa.selenium.WebDriverException: disconnected: not connected to DevTools
  (failed to check if window was closed: disconnected: not connected to DevTools)
  (Session info: chrome=130.0.6723.58)
Build info: version: '4.20.0', revision: '866c76ca80'
System info: os.name: 'Windows 11', os.arch: 'amd64', os.version: '10.0', java.version: '17.0.11'
Driver info: org.openqa.selenium.chrome.ChromeDriver
Command: [ba42bddb23eea3dfbd69abce5c97f19d, screenshot {}]
Capabilities {acceptInsecureCerts: false, browserName: chrome, browserVersion: 130.0.6723.58, chrome: {chromedriverVersion: 130.0.6723.58 (3a50e012e4c9..., userDataDir: C:\WINDOWS\TEMP\scoped_dir2...}, fedcm:accounts: true, goog:chromeOptions: {debuggerAddress: localhost:53175}, networkConnectionEnabled: false, pageLoadStrategy: normal, platformName: windows, proxy: Proxy(), se:cdp: ws://localhost:53175/devtoo..., se:cdpVersion: 130.0.6723.58, setWindowRect: true, strictFileInteractability: false, timeouts: {implicit: 0, pageLoad: 300000, script: 30000}, unhandledPromptBehavior: dismiss and notify, webauthn:extension:credBlob: true, webauthn:extension:largeBlob: true, webauthn:extension:minPinLength: true, webauthn:extension:prf: true, webauthn:virtualAuthenticators: true}
Session ID: ba42bddb23eea3dfbd69abce5c97f19d
	at java.base/jdk.internal.reflect.NativeConstructorAccessorImpl.newInstance0(Native Method)
	at java.base/jdk.internal.reflect.NativeConstructorAccessorImpl.newInstance(NativeConstructorAccessorImpl.java:77)
	at java.base/jdk.internal.reflect.DelegatingConstructorAccessorImpl.newInstance(DelegatingConstructorAccessorImpl.java:45)
	at java.base/java.lang.reflect.Constructor.newInstanceWithCaller(Constructor.java:499)
	at java.base/java.lang.reflect.Constructor.newInstance(Constructor.java:480)
	at org.openqa.selenium.remote.ErrorCodec.decode(ErrorCodec.java:167)
	at org.openqa.selenium.remote.codec.w3c.W3CHttpResponseCodec.decode(W3CHttpResponseCodec.java:138)
	at org.openqa.selenium.remote.codec.w3c.W3CHttpResponseCodec.decode(W3CHttpResponseCodec.java:50)
	at org.openqa.selenium.remote.HttpCommandExecutor.execute(HttpCommandExecutor.java:190)
	at org.openqa.selenium.remote.service.DriverCommandExecutor.invokeExecute(DriverCommandExecutor.java:216)
	at org.openqa.selenium.remote.service.DriverCommandExecutor.execute(DriverCommandExecutor.java:174)
	at org.openqa.selenium.remote.RemoteWebDriver.execute(RemoteWebDriver.java:518)
	at org.openqa.selenium.remote.RemoteWebDriver.execute(RemoteWebDriver.java:591)
	at org.openqa.selenium.remote.RemoteWebDriver.execute(RemoteWebDriver.java:595)
	at org.openqa.selenium.remote.RemoteWebDriver.getScreenshotAs(RemoteWebDriver.java:321)
	at org.Testcases.ExceptionHandler.logAndCaptureScreenshot(ExceptionHandler.java:70)
	at org.Testcases.ExceptionHandler.handleException(ExceptionHandler.java:52)
	at org.Testcases.SystemUserMultipleBankRegression.System_Verifier_seessidemenu_itemsin_Onboarding(SystemUserMultipleBankRegression.java:3938)
	at ✽.the System Verifier should see Bank, Aggregators, ISO,SUB ISO, Groupmerchant, Merchant, and Terminal in the side menu of Onboarding(file:///C:/Users/DELL%207480/eclipse-workspace/MMSCredopay/src/test/resources/SystemUser-MultipleMerchant.feature:56)
</textarea>
      
      </div>
              </div>
          </div>
        </div>
  </div>
  <div class="card">
    <div class="card-header" role="tab">
      <div class="card-title">
        <div class="node" id="30"><span class="badge log pass-bg mr-2">Pass</span>System Verifier clicks the Merchant module</div>
      </div>
    </div>
        <div class="collapse">
          <div class="card-body">
              <div class="step pass-bg" title="org.Testcases.SystemUserMultipleMerchantRegression.SystemVerifierClicktheSUBISOModule()">
                <span>When the System Verifier clicks the Merchant module</span>
      <div>
      </div>
              </div>
          </div>
        </div>
  </div>
  <div class="card">
    <div class="card-header" role="tab">
      <div class="card-title">
        <div class="node" id="33"><span class="badge log fail-bg mr-2">Fail</span>System Verifier Successfully Verifies All Steps in Merchant Onboarding</div>
      </div>
    </div>
        <div class="">
          <div class="card-body">
              <div class="step fail-bg" title="org.Testcases.SystemUserMultipleMerchantRegression.processAllData1(java.lang.String)">
                <span>When the System Verifier completes Merchant Onboarding, the system should prompt to verify all steps using the sheet name "Merchant Regression"</span>
      <div>
        <textarea disabled class="code-block">org.openqa.selenium.WebDriverException: disconnected: not connected to DevTools
  (failed to check if window was closed: disconnected: not connected to DevTools)
  (Session info: chrome=130.0.6723.58)
Build info: version: '4.20.0', revision: '866c76ca80'
System info: os.name: 'Windows 11', os.arch: 'amd64', os.version: '10.0', java.version: '17.0.11'
Driver info: org.openqa.selenium.chrome.ChromeDriver
Command: [ba42bddb23eea3dfbd69abce5c97f19d, screenshot {}]
Capabilities {acceptInsecureCerts: false, browserName: chrome, browserVersion: 130.0.6723.58, chrome: {chromedriverVersion: 130.0.6723.58 (3a50e012e4c9..., userDataDir: C:\WINDOWS\TEMP\scoped_dir2...}, fedcm:accounts: true, goog:chromeOptions: {debuggerAddress: localhost:53175}, networkConnectionEnabled: false, pageLoadStrategy: normal, platformName: windows, proxy: Proxy(), se:cdp: ws://localhost:53175/devtoo..., se:cdpVersion: 130.0.6723.58, setWindowRect: true, strictFileInteractability: false, timeouts: {implicit: 0, pageLoad: 300000, script: 30000}, unhandledPromptBehavior: dismiss and notify, webauthn:extension:credBlob: true, webauthn:extension:largeBlob: true, webauthn:extension:minPinLength: true, webauthn:extension:prf: true, webauthn:virtualAuthenticators: true}
Session ID: ba42bddb23eea3dfbd69abce5c97f19d
	at java.base/jdk.internal.reflect.NativeConstructorAccessorImpl.newInstance0(Native Method)
	at java.base/jdk.internal.reflect.NativeConstructorAccessorImpl.newInstance(NativeConstructorAccessorImpl.java:77)
	at java.base/jdk.internal.reflect.DelegatingConstructorAccessorImpl.newInstance(DelegatingConstructorAccessorImpl.java:45)
	at java.base/java.lang.reflect.Constructor.newInstanceWithCaller(Constructor.java:499)
	at java.base/java.lang.reflect.Constructor.newInstance(Constructor.java:480)
	at org.openqa.selenium.remote.ErrorCodec.decode(ErrorCodec.java:167)
	at org.openqa.selenium.remote.codec.w3c.W3CHttpResponseCodec.decode(W3CHttpResponseCodec.java:138)
	at org.openqa.selenium.remote.codec.w3c.W3CHttpResponseCodec.decode(W3CHttpResponseCodec.java:50)
	at org.openqa.selenium.remote.HttpCommandExecutor.execute(HttpCommandExecutor.java:190)
	at org.openqa.selenium.remote.service.DriverCommandExecutor.invokeExecute(DriverCommandExecutor.java:216)
	at org.openqa.selenium.remote.service.DriverCommandExecutor.execute(DriverCommandExecutor.java:174)
	at org.openqa.selenium.remote.RemoteWebDriver.execute(RemoteWebDriver.java:518)
	at org.openqa.selenium.remote.RemoteWebDriver.execute(RemoteWebDriver.java:591)
	at org.openqa.selenium.remote.RemoteWebDriver.execute(RemoteWebDriver.java:595)
	at org.openqa.selenium.remote.RemoteWebDriver.getScreenshotAs(RemoteWebDriver.java:321)
	at org.Testcases.SystemUserMultipleMerchantRegression.takeScreenshot(SystemUserMultipleMerchantRegression.java:178)
	at org.Testcases.SystemUserMultipleMerchantRegression.processAllData1(SystemUserMultipleMerchantRegression.java:2939)
	at ✽.the System Verifier completes Merchant Onboarding, the system should prompt to verify all steps using the sheet name "Merchant Regression"(file:///C:/Users/DELL%207480/eclipse-workspace/MMSCredopay/src/test/resources/SystemUser-MultipleMerchant.feature:64)
</textarea>
      
      </div>
              </div>
          </div>
        </div>
  </div>
  <div class="card">
    <div class="card-header" role="tab">
      <div class="card-title">
        <div class="node" id="36"><span class="badge log fail-bg mr-2">Fail</span>System Approver Login</div>
      </div>
    </div>
        <div class="">
          <div class="card-body">
              <div class="step fail-bg" title="org.Testcases.SystemUserMultipleBankRegression.i_visit_the_System_Approver_login(java.lang.String,int)">
                <span>Given I visit the System Approver Login in Regression using sheetname "Credentials" and rownumber 3</span>
      <div>
        <textarea disabled class="code-block">org.openqa.selenium.WebDriverException: disconnected: not connected to DevTools
  (failed to check if window was closed: disconnected: not connected to DevTools)
  (Session info: chrome=130.0.6723.58)
Build info: version: '4.20.0', revision: '866c76ca80'
System info: os.name: 'Windows 11', os.arch: 'amd64', os.version: '10.0', java.version: '17.0.11'
Driver info: org.openqa.selenium.chrome.ChromeDriver
Command: [ba42bddb23eea3dfbd69abce5c97f19d, screenshot {}]
Capabilities {acceptInsecureCerts: false, browserName: chrome, browserVersion: 130.0.6723.58, chrome: {chromedriverVersion: 130.0.6723.58 (3a50e012e4c9..., userDataDir: C:\WINDOWS\TEMP\scoped_dir2...}, fedcm:accounts: true, goog:chromeOptions: {debuggerAddress: localhost:53175}, networkConnectionEnabled: false, pageLoadStrategy: normal, platformName: windows, proxy: Proxy(), se:cdp: ws://localhost:53175/devtoo..., se:cdpVersion: 130.0.6723.58, setWindowRect: true, strictFileInteractability: false, timeouts: {implicit: 0, pageLoad: 300000, script: 30000}, unhandledPromptBehavior: dismiss and notify, webauthn:extension:credBlob: true, webauthn:extension:largeBlob: true, webauthn:extension:minPinLength: true, webauthn:extension:prf: true, webauthn:virtualAuthenticators: true}
Session ID: ba42bddb23eea3dfbd69abce5c97f19d
	at java.base/jdk.internal.reflect.NativeConstructorAccessorImpl.newInstance0(Native Method)
	at java.base/jdk.internal.reflect.NativeConstructorAccessorImpl.newInstance(NativeConstructorAccessorImpl.java:77)
	at java.base/jdk.internal.reflect.DelegatingConstructorAccessorImpl.newInstance(DelegatingConstructorAccessorImpl.java:45)
	at java.base/java.lang.reflect.Constructor.newInstanceWithCaller(Constructor.java:499)
	at java.base/java.lang.reflect.Constructor.newInstance(Constructor.java:480)
	at org.openqa.selenium.remote.ErrorCodec.decode(ErrorCodec.java:167)
	at org.openqa.selenium.remote.codec.w3c.W3CHttpResponseCodec.decode(W3CHttpResponseCodec.java:138)
	at org.openqa.selenium.remote.codec.w3c.W3CHttpResponseCodec.decode(W3CHttpResponseCodec.java:50)
	at org.openqa.selenium.remote.HttpCommandExecutor.execute(HttpCommandExecutor.java:190)
	at org.openqa.selenium.remote.service.DriverCommandExecutor.invokeExecute(DriverCommandExecutor.java:216)
	at org.openqa.selenium.remote.service.DriverCommandExecutor.execute(DriverCommandExecutor.java:174)
	at org.openqa.selenium.remote.RemoteWebDriver.execute(RemoteWebDriver.java:518)
	at org.openqa.selenium.remote.RemoteWebDriver.execute(RemoteWebDriver.java:591)
	at org.openqa.selenium.remote.RemoteWebDriver.execute(RemoteWebDriver.java:595)
	at org.openqa.selenium.remote.RemoteWebDriver.getScreenshotAs(RemoteWebDriver.java:321)
	at org.Testcases.ExceptionHandler.logAndCaptureScreenshot(ExceptionHandler.java:70)
	at org.Testcases.ExceptionHandler.handleException(ExceptionHandler.java:52)
	at org.Testcases.SystemUserMultipleBankRegression.i_visit_the_System_Approver_login(SystemUserMultipleBankRegression.java:4698)
	at ✽.I visit the System Approver Login in Regression using sheetname "Credentials" and rownumber 3(file:///C:/Users/DELL%207480/eclipse-workspace/MMSCredopay/src/test/resources/SystemUser-MultipleMerchant.feature:68)
</textarea>
      
      </div>
              </div>
              <div class="step skip-bg" title="org.Testcases.SystemUserMultipleBankRegression.i_enter_the_credentials_and_click_a_login_button(java.lang.String,int)">
                <span>And I enter the credentials and click a login button in Regression using sheetname "Credentials" and rownumber 3</span>
      <div>Step skipped
      </div>
              </div>
          </div>
        </div>
  </div>
  <div class="card">
    <div class="card-header" role="tab">
      <div class="card-title">
        <div class="node" id="40"><span class="badge log pass-bg mr-2">Pass</span>System Approver sees Onboarding in Sidemenu</div>
      </div>
    </div>
        <div class="collapse">
          <div class="card-body">
              <div class="step pass-bg" title="org.Testcases.SystemUserMultipleBankRegression.I_Visit_System_Approver_Onboarding()">
                <span>When System Approver - Onboarding should be displayed in the side menu</span>
      <div>
      </div>
              </div>
          </div>
        </div>
  </div>
  <div class="card">
    <div class="card-header" role="tab">
      <div class="card-title">
        <div class="node" id="43"><span class="badge log fail-bg mr-2">Fail</span>System Approver sees side menu items in Merchant Onboarding</div>
      </div>
    </div>
        <div class="">
          <div class="card-body">
              <div class="step fail-bg" title="org.Testcases.SystemUserMultipleBankRegression.System_Approver_seessidemenu_itemsin_Onboarding()">
                <span>Then the System Approver should see Bank, Aggregators, ISO,SUB ISO, Groupmerchant, Merchant, and Terminal in the side menu of Onboarding</span>
      <div>
        <textarea disabled class="code-block">org.openqa.selenium.WebDriverException: disconnected: not connected to DevTools
  (failed to check if window was closed: disconnected: not connected to DevTools)
  (Session info: chrome=130.0.6723.58)
Build info: version: '4.20.0', revision: '866c76ca80'
System info: os.name: 'Windows 11', os.arch: 'amd64', os.version: '10.0', java.version: '17.0.11'
Driver info: org.openqa.selenium.chrome.ChromeDriver
Command: [ba42bddb23eea3dfbd69abce5c97f19d, screenshot {}]
Capabilities {acceptInsecureCerts: false, browserName: chrome, browserVersion: 130.0.6723.58, chrome: {chromedriverVersion: 130.0.6723.58 (3a50e012e4c9..., userDataDir: C:\WINDOWS\TEMP\scoped_dir2...}, fedcm:accounts: true, goog:chromeOptions: {debuggerAddress: localhost:53175}, networkConnectionEnabled: false, pageLoadStrategy: normal, platformName: windows, proxy: Proxy(), se:cdp: ws://localhost:53175/devtoo..., se:cdpVersion: 130.0.6723.58, setWindowRect: true, strictFileInteractability: false, timeouts: {implicit: 0, pageLoad: 300000, script: 30000}, unhandledPromptBehavior: dismiss and notify, webauthn:extension:credBlob: true, webauthn:extension:largeBlob: true, webauthn:extension:minPinLength: true, webauthn:extension:prf: true, webauthn:virtualAuthenticators: true}
Session ID: ba42bddb23eea3dfbd69abce5c97f19d
	at jdk.internal.reflect.GeneratedConstructorAccessor35.newInstance(Unknown Source)
	at java.base/jdk.internal.reflect.DelegatingConstructorAccessorImpl.newInstance(DelegatingConstructorAccessorImpl.java:45)
	at java.base/java.lang.reflect.Constructor.newInstanceWithCaller(Constructor.java:499)
	at java.base/java.lang.reflect.Constructor.newInstance(Constructor.java:480)
	at org.openqa.selenium.remote.ErrorCodec.decode(ErrorCodec.java:167)
	at org.openqa.selenium.remote.codec.w3c.W3CHttpResponseCodec.decode(W3CHttpResponseCodec.java:138)
	at org.openqa.selenium.remote.codec.w3c.W3CHttpResponseCodec.decode(W3CHttpResponseCodec.java:50)
	at org.openqa.selenium.remote.HttpCommandExecutor.execute(HttpCommandExecutor.java:190)
	at org.openqa.selenium.remote.service.DriverCommandExecutor.invokeExecute(DriverCommandExecutor.java:216)
	at org.openqa.selenium.remote.service.DriverCommandExecutor.execute(DriverCommandExecutor.java:174)
	at org.openqa.selenium.remote.RemoteWebDriver.execute(RemoteWebDriver.java:518)
	at org.openqa.selenium.remote.RemoteWebDriver.execute(RemoteWebDriver.java:591)
	at org.openqa.selenium.remote.RemoteWebDriver.execute(RemoteWebDriver.java:595)
	at org.openqa.selenium.remote.RemoteWebDriver.getScreenshotAs(RemoteWebDriver.java:321)
	at org.Testcases.ExceptionHandler.logAndCaptureScreenshot(ExceptionHandler.java:70)
	at org.Testcases.ExceptionHandler.handleException(ExceptionHandler.java:52)
	at org.Testcases.SystemUserMultipleBankRegression.System_Approver_seessidemenu_itemsin_Onboarding(SystemUserMultipleBankRegression.java:4752)
	at ✽.the System Approver should see Bank, Aggregators, ISO,SUB ISO, Groupmerchant, Merchant, and Terminal in the side menu of Onboarding(file:///C:/Users/DELL%207480/eclipse-workspace/MMSCredopay/src/test/resources/SystemUser-MultipleMerchant.feature:77)
</textarea>
      
      </div>
              </div>
          </div>
        </div>
  </div>
  <div class="card">
    <div class="card-header" role="tab">
      <div class="card-title">
        <div class="node" id="46"><span class="badge log pass-bg mr-2">Pass</span>System Approver clicks the Merchant module</div>
      </div>
    </div>
        <div class="collapse">
          <div class="card-body">
              <div class="step pass-bg" title="org.Testcases.SystemUserMultipleMerchantRegression.SystemApproverClicktheSUBISOModule()">
                <span>When the System Approver clicks the Merchant module</span>
      <div>
      </div>
              </div>
          </div>
        </div>
  </div>
  <div class="card">
    <div class="card-header" role="tab">
      <div class="card-title">
        <div class="node" id="49"><span class="badge log fail-bg mr-2">Fail</span>System Approver Successfully Approve in Merchant Onboarding</div>
      </div>
    </div>
        <div class="">
          <div class="card-body">
              <div class="step fail-bg" title="org.Testcases.SystemUserMultipleMerchantRegression.processAllData2(java.lang.String)">
                <span>When the System Approver completes Merchant Onboarding, the system should prompt to Approve using the sheet name "Merchant Regression"</span>
      <div>
        <textarea disabled class="code-block">org.openqa.selenium.WebDriverException: disconnected: not connected to DevTools
  (failed to check if window was closed: disconnected: not connected to DevTools)
  (Session info: chrome=130.0.6723.58)
Build info: version: '4.20.0', revision: '866c76ca80'
System info: os.name: 'Windows 11', os.arch: 'amd64', os.version: '10.0', java.version: '17.0.11'
Driver info: org.openqa.selenium.chrome.ChromeDriver
Command: [ba42bddb23eea3dfbd69abce5c97f19d, screenshot {}]
Capabilities {acceptInsecureCerts: false, browserName: chrome, browserVersion: 130.0.6723.58, chrome: {chromedriverVersion: 130.0.6723.58 (3a50e012e4c9..., userDataDir: C:\WINDOWS\TEMP\scoped_dir2...}, fedcm:accounts: true, goog:chromeOptions: {debuggerAddress: localhost:53175}, networkConnectionEnabled: false, pageLoadStrategy: normal, platformName: windows, proxy: Proxy(), se:cdp: ws://localhost:53175/devtoo..., se:cdpVersion: 130.0.6723.58, setWindowRect: true, strictFileInteractability: false, timeouts: {implicit: 0, pageLoad: 300000, script: 30000}, unhandledPromptBehavior: dismiss and notify, webauthn:extension:credBlob: true, webauthn:extension:largeBlob: true, webauthn:extension:minPinLength: true, webauthn:extension:prf: true, webauthn:virtualAuthenticators: true}
Session ID: ba42bddb23eea3dfbd69abce5c97f19d
	at jdk.internal.reflect.GeneratedConstructorAccessor35.newInstance(Unknown Source)
	at java.base/jdk.internal.reflect.DelegatingConstructorAccessorImpl.newInstance(DelegatingConstructorAccessorImpl.java:45)
	at java.base/java.lang.reflect.Constructor.newInstanceWithCaller(Constructor.java:499)
	at java.base/java.lang.reflect.Constructor.newInstance(Constructor.java:480)
	at org.openqa.selenium.remote.ErrorCodec.decode(ErrorCodec.java:167)
	at org.openqa.selenium.remote.codec.w3c.W3CHttpResponseCodec.decode(W3CHttpResponseCodec.java:138)
	at org.openqa.selenium.remote.codec.w3c.W3CHttpResponseCodec.decode(W3CHttpResponseCodec.java:50)
	at org.openqa.selenium.remote.HttpCommandExecutor.execute(HttpCommandExecutor.java:190)
	at org.openqa.selenium.remote.service.DriverCommandExecutor.invokeExecute(DriverCommandExecutor.java:216)
	at org.openqa.selenium.remote.service.DriverCommandExecutor.execute(DriverCommandExecutor.java:174)
	at org.openqa.selenium.remote.RemoteWebDriver.execute(RemoteWebDriver.java:518)
	at org.openqa.selenium.remote.RemoteWebDriver.execute(RemoteWebDriver.java:591)
	at org.openqa.selenium.remote.RemoteWebDriver.execute(RemoteWebDriver.java:595)
	at org.openqa.selenium.remote.RemoteWebDriver.getScreenshotAs(RemoteWebDriver.java:321)
	at org.Testcases.SystemUserMultipleMerchantRegression.takeScreenshot(SystemUserMultipleMerchantRegression.java:178)
	at org.Testcases.SystemUserMultipleMerchantRegression.processAllData2(SystemUserMultipleMerchantRegression.java:3330)
	at ✽.the System Approver completes Merchant Onboarding, the system should prompt to Approve using the sheet name "Merchant Regression"(file:///C:/Users/DELL%207480/eclipse-workspace/MMSCredopay/src/test/resources/SystemUser-MultipleMerchant.feature:84)
</textarea>
      
      </div>
              </div>
          </div>
        </div>
  </div>
</div>
          </div>
        </li>
      </ul>
    </div>
  </div>
<div class="test-content scrollable">
<div class="test-content-tools">
<ul><li><a class="back-to-test" href="#"><i class="fa fa-arrow-left"></i></a></li></ul>
</div>
<div class="test-content-detail"><div class="detail-body"></div></div>
</div></div>
<div class="test-wrapper row view exception-view attributes-view">
<div class="test-list">
<div class="test-list-tools">
<ul class="tools pull-left"><li><a href=""><span class="font-size-14">Exception</span></a></li></ul>
<ul class="tools text-right"><li><a href="#"><span class="badge badge-primary">1</span></a></li></ul>
</div>
<div class="test-list-wrapper scrollable">
<ul class="test-list-item">
<li class="test-item">
<div class="test-detail">
<span class="meta">
<span class='badge log badge-danger'>6</span>
</span>
<p class="name">org.openqa.selenium.WebDriverException</p>
<p class="duration text-sm">6 tests</p>
</div>
<div class="test-contents d-none">
<div class="info">
<h4>org.openqa.selenium.WebDriverException</h4>
<span status="fail" class='badge log badge-danger'>6 failed</span>
</div>
<table class='table table-sm mt-4'>
<thead>
<tr>
<th class="status-col">Status</th>
<th class="timestamp-col">Timestamp</th>
<th>TestName</th>
</tr>
</thead>
<tbody>
<tr class="tag-test-status" status="fail">
<td><span class="badge log fail-bg">Fail</span></td>
<td>21:37:19 PM</td>
<td>
<a href="#" class="linked" test-id='1' id='22'>Given I visit the System Verifier Login in Regression using sheetname "Credentials" and rownumber 2</a>
<div class="">
<span class="badge badge-default">System Users - Merchant Onboarding Regression.System verifier Login.Given I visit the System Verifier Login in Regression using sheetname "Credentials" and rownumber 2</span>
</div>
</td>
</tr>
<tr class="tag-test-status" status="fail">
<td><span class="badge log fail-bg">Fail</span></td>
<td>21:37:23 PM</td>
<td>
<a href="#" class="linked" test-id='1' id='29'>Then the System Verifier should see Bank, Aggregators, ISO,SUB ISO, Groupmerchant, Merchant, and Terminal in the side menu of Onboarding</a>
<div class="">
<span class="badge badge-default">System Users - Merchant Onboarding Regression.System Verifier sees side menu items in Merchant Onboarding.Then the System Verifier should see Bank, Aggregators, ISO,SUB ISO, Groupmerchant, Merchant, and Terminal in the side menu of Onboarding</span>
</div>
</td>
</tr>
<tr class="tag-test-status" status="fail">
<td><span class="badge log fail-bg">Fail</span></td>
<td>21:37:23 PM</td>
<td>
<a href="#" class="linked" test-id='1' id='35'>When the System Verifier completes Merchant Onboarding, the system should prompt to verify all steps using the sheet name "Merchant Regression"</a>
<div class="">
<span class="badge badge-default">System Users - Merchant Onboarding Regression.System Verifier Successfully Verifies All Steps in Merchant Onboarding.When the System Verifier completes Merchant Onboarding, the system should prompt to verify all steps using the sheet name "Merchant Regression"</span>
</div>
</td>
</tr>
<tr class="tag-test-status" status="fail">
<td><span class="badge log fail-bg">Fail</span></td>
<td>00:37:30 AM</td>
<td>
<a href="#" class="linked" test-id='1' id='38'>Given I visit the System Approver Login in Regression using sheetname "Credentials" and rownumber 3</a>
<div class="">
<span class="badge badge-default">System Users - Merchant Onboarding Regression.System Approver Login.Given I visit the System Approver Login in Regression using sheetname "Credentials" and rownumber 3</span>
</div>
</td>
</tr>
<tr class="tag-test-status" status="fail">
<td><span class="badge log fail-bg">Fail</span></td>
<td>00:37:30 AM</td>
<td>
<a href="#" class="linked" test-id='1' id='45'>Then the System Approver should see Bank, Aggregators, ISO,SUB ISO, Groupmerchant, Merchant, and Terminal in the side menu of Onboarding</a>
<div class="">
<span class="badge badge-default">System Users - Merchant Onboarding Regression.System Approver sees side menu items in Merchant Onboarding.Then the System Approver should see Bank, Aggregators, ISO,SUB ISO, Groupmerchant, Merchant, and Terminal in the side menu of Onboarding</span>
</div>
</td>
</tr>
<tr class="tag-test-status" status="fail">
<td><span class="badge log fail-bg">Fail</span></td>
<td>00:37:30 AM</td>
<td>
<a href="#" class="linked" test-id='1' id='51'>When the System Approver completes Merchant Onboarding, the system should prompt to Approve using the sheet name "Merchant Regression"</a>
<div class="">
<span class="badge badge-default">System Users - Merchant Onboarding Regression.System Approver Successfully Approve in Merchant Onboarding.When the System Approver completes Merchant Onboarding, the system should prompt to Approve using the sheet name "Merchant Regression"</span>
</div>
</td>
</tr>
</tbody>
</table>
</div>
</li>
</ul>
</div>
</div>
<div class="test-content scrollable">
<div class="test-content-detail">
<div class="detail-body"></div>
</div>
</div>
</div><div class="test-wrapper row view category-view attributes-view">
<div class="test-list">
<div class="test-list-tools">
<ul class="tools pull-left"><li><a href=""><span class="font-size-14">Category</span></a></li></ul>
<ul class="tools text-right"><li><a href="#"><span class="badge badge-primary">2</span></a></li></ul>
</div>
<div class="test-list-wrapper scrollable">
<ul class="test-list-item">
<li class="test-item">
<div class="test-detail">
<span class="meta">
<span class='badge log pass-bg'>1</span>
</span>
<p class="name">@run</p>
<p class="duration text-sm">1 tests</p>
</div>
<div class="test-contents d-none">
<div class="info">
<h4>@run</h4>
<span status="pass" class='badge log pass-bg'>1 passed</span>
</div>
<table class='table table-sm mt-4'>
<thead>
<tr>
<th class="status-col">Status</th>
<th class="timestamp-col">Timestamp</th>
<th>TestName</th>
</tr>
</thead>
<tbody>
<tr class="tag-test-status" status="pass">
<td><span class="badge log pass-bg">Pass</span></td>
<td>21:34:31 PM</td>
<td>
<a href="#" class="linked" test-id='1' id='2'>Load Data from Excel</a>
<div class="">
<span class="badge badge-default">System Users - Merchant Onboarding Regression.Load Data from Excel</span>
</div>
</td>
</tr>
</tbody>
</table>
</div>
</li>
<li class="test-item">
<div class="test-detail">
<span class="meta">
<span class='badge log pass-bg'>1</span>
</span>
<p class="name">@loadDataExcelUtils</p>
<p class="duration text-sm">1 tests</p>
</div>
<div class="test-contents d-none">
<div class="info">
<h4>@loadDataExcelUtils</h4>
<span status="pass" class='badge log pass-bg'>1 passed</span>
</div>
<table class='table table-sm mt-4'>
<thead>
<tr>
<th class="status-col">Status</th>
<th class="timestamp-col">Timestamp</th>
<th>TestName</th>
</tr>
</thead>
<tbody>
<tr class="tag-test-status" status="pass">
<td><span class="badge log pass-bg">Pass</span></td>
<td>21:34:31 PM</td>
<td>
<a href="#" class="linked" test-id='1' id='2'>Load Data from Excel</a>
<div class="">
<span class="badge badge-default">System Users - Merchant Onboarding Regression.Load Data from Excel</span>
</div>
</td>
</tr>
</tbody>
</table>
</div>
</li>
</ul>
</div>
</div>
<div class="test-content scrollable">
<div class="test-content-detail">
<div class="detail-body"></div>
</div>
</div>
</div><div class="container-fluid p-4 view dashboard-view">
<div class="row">
<div class="col-md-3">
<div class="card"><div class="card-body">
<p class="m-b-0">Started</p>
<h3>Oct 20, 2024 09:34:30 PM</h3>
</div></div>
</div>
<div class="col-md-3">
<div class="card"><div class="card-body">
<p class="m-b-0">Ended</p>
<h3>Oct 21, 2024 09:47:35 AM</h3>
</div></div>
</div>
<div class="col-md-3">
<div class="card"><div class="card-body">
<p class="m-b-0 text-pass">Features Passed</p>
<h3>0</h3>
</div></div>
</div>
<div class="col-md-3">
<div class="card"><div class="card-body">
<p class="m-b-0 text-fail">Features Failed</p>
<h3>1</h3>
</div></div>
</div>
</div>
<div class="row">
<div class="col-md-4">
<div class="card">
<div class="card-header">
<h6 class="card-title">Features</h6>
</div>
<div class="card-body">
<div class="">
<canvas id='parent-analysis' width='115' height='90'></canvas>
</div>
</div>
<div class="card-footer">
<div><small data-tooltip='0%'>
<b>0</b> features passed
</small>
</div>
<div>
<small data-tooltip='100%'><b>1</b> features failed,
<b>0</b> skipped, <b data-tooltip='0%'>0</b> others
</small>
</div>
</div>
</div>
</div>
<div class="col-md-4">
<div class="card">
<div class="card-header">
<h6 class="card-title">Scenarios</h6>
</div>
<div class="card-body">
<div class="">
<canvas id='child-analysis' width='115' height='90'></canvas>
</div>
</div>
<div class="card-footer">
<div><small data-tooltip='60%'><b>9</b> scenarios passed</small></div>
<div>
<small data-tooltip='40%'><b>6</b> scenarios failed,
<b>0</b> skipped, <b data-tooltip='%'>0</b> others
</small>
</div>
</div>
</div>
</div>
<div class="col-md-4">
<div class="card">
<div class="card-header">
<h6 class="card-title">Steps</h6>
</div>
<div class="card-body">
<div class="">
<canvas id='grandchild-analysis' width='115' height='90'></canvas>
</div>
</div>
<div class="card-footer">
<div><small data-tooltip='57%'><b>11</b> steps passed</small></div>
<div>
<small data-tooltip='31%'><b>6</b> steps failed,
<b>2</b> skipped, <b data-tooltip='%'>0</b> others
</small>
</div>
</div>
</div>
</div>
</div>
<div class="row"><div class="col-md-12">
<div class="card"><div class="card-header"><p>Timeline</p></div>
<div class="card-body pt-0"><div>
<canvas id="timeline" height="120"></canvas>
</div></div>
</div>
</div></div>
<script>
var timeline = {
"System Users - Merchant Onboarding Regression":43983.567
};
</script>
<div class="row">
<div class="col-lg-6 col-md-12 category-container">
<div class="card">
<div class="card-header"><p>Tags</p></div>
<div class="card-body pb-0 pt-0"><table class="table table-sm table-bordered">
<thead><tr class="bg-gray"><th>Name</th><th>Passed</th><th>Failed</th><th>Skipped</th><th>Others</th><th>Passed %</th></tr></thead><tbody>
<tr>
<td>@run</td>
<td>1</td>
<td>0</td>
<td>0</td>
<td>0</td>
<td>100%</td>
</tr>
<tr>
<td>@loadDataExcelUtils</td>
<td>1</td>
<td>0</td>
<td>0</td>
<td>0</td>
<td>100%</td>
</tr>
</tbody>
</table></div>
</div>
</div>
</div>
</div>
<script>
var statusGroup = {
parentCount: 5,
passParent: 0,
failParent: 1,
warningParent: 0,
skipParent: 0,
childCount: 5,
passChild: 9,
failChild: 6,
warningChild: 0,
skipChild: 0,
infoChild: 0,
grandChildCount: 5,
passGrandChild: 11,
failGrandChild: 6,
warningGrandChild: 0,
skipGrandChild: 2,
infoGrandChild: 0,
eventsCount: 5,
};
</script>        </div>
      </div>
    </div>
  </div>
<script src="https://cdn.jsdelivr.net/gh/extent-framework/extent-github-cdn@d6562a79075e061305ccfdb82f01e5e195e2d307/spark/js/spark-script.js"></script>
<script type="text/javascript"></script></body>
</html>